<?xml version="1.0" encoding="UTF-8"?>
<testng-results skipped="0" failed="0" ignored="0" total="1" passed="1">
  <reporter-output>
  </reporter-output>
  <suite name="SuiteOne" duration-ms="63" started-at="2018-01-26T17:49:55Z" finished-at="2018-01-26T17:49:55Z">
    <groups>
    </groups>
    <test name="TestOne" duration-ms="63" started-at="2018-01-26T17:49:55Z" finished-at="2018-01-26T17:49:55Z">
      <class name="scripts.TestOne">
        <test-method status="PASS" signature="methodOne(java.lang.String, org.testng.ITestContext)[pri:0, instance:scripts.TestOne@7f63425a]" name="methodOne" duration-ms="16" started-at="2018-01-26T23:19:55Z" finished-at="2018-01-26T23:19:55Z">
          <params>
            <param index="0">
              <value>
                <![CDATA[chrome-test]]>
              </value>
            </param>
            <param index="1">
              <value>
                <![CDATA[org.testng.TestRunner@58651fd0]]>
              </value>
            </param>
          </params>
          <reporter-output>
          </reporter-output>
        </test-method> <!-- methodOne -->
      </class> <!-- scripts.TestOne -->
    </test> <!-- TestOne -->
  </suite> <!-- SuiteOne -->
</testng-results>
